<?xml version="1.0" encoding="UTF-8"?>
<testsuite xmlns:xsi="http://www.w3.org/2001/XMLSchema-instance" xsi:noNamespaceSchemaLocation="https://maven.apache.org/surefire/maven-surefire-plugin/xsd/surefire-test-report-3.0.xsd" version="3.0" name="it.live.educationtest.EduacationtestApplicationTests" time="9.296" tests="1" errors="0" skipped="0" failures="0">
  <properties>
[...]
</properties>
  <testcase name="contextLoads" classname="it.live.educationtest.EduacationtestApplicationTests" time="0.508">
    <system-out><![CDATA[10:39:50.456 [main] INFO org.springframework.test.context.support.AnnotationConfigContextLoaderUtils -- Could not detect default configuration classes for test class [it.live.educationtest.EduacationtestApplicationTests]: EduacationtestApplicationTests does not declare any static, non-private, non-final, nested classes annotated with @Configuration.
10:39:50.597 [main] INFO org.springframework.boot.test.context.SpringBootTestContextBootstrapper -- Found @SpringBootConfiguration it.live.educationtest.EducationtestApplication for test class it.live.educationtest.EduacationtestApplicationTests

  .   ____          _            __ _ _
 /\\ / ___'_ __ _ _(_)_ __  __ _ \ \ \ \
( ( )\___ | '_ | '_| | '_ \/ _` | \ \ \ \
 \\/  ___)| |_)| | | | | || (_| |  ) ) ) )
  '  |____| .__|_| |_|_| |_\__, | / / / /
 =========|_|==============|___/=/_/_/_/
 :: Spring Boot ::                (v3.2.0)

2024-01-16T10:39:51.315+05:00  INFO 2208 --- [           main] i.l.e.EduacationtestApplicationTests     : Starting EduacationtestApplicationTests using Java 17.0.9 with PID 2208 (started by user in C:\Users\user\Desktop\BigProjects\educ\EDUCATIONTEST)
2024-01-16T10:39:51.316+05:00  INFO 2208 --- [           main] i.l.e.EduacationtestApplicationTests     : No active profile set, falling back to 1 default profile: "default"
2024-01-16T10:39:52.587+05:00  INFO 2208 --- [           main] .s.d.r.c.RepositoryConfigurationDelegate : Bootstrapping Spring Data JPA repositories in DEFAULT mode.
2024-01-16T10:39:52.701+05:00  INFO 2208 --- [           main] .s.d.r.c.RepositoryConfigurationDelegate : Finished Spring Data repository scanning in 99 ms. Found 9 JPA repository interfaces.
2024-01-16T10:39:53.533+05:00  INFO 2208 --- [           main] o.hibernate.jpa.internal.util.LogHelper  : HHH000204: Processing PersistenceUnitInfo [name: default]
2024-01-16T10:39:53.656+05:00  INFO 2208 --- [           main] org.hibernate.Version                    : HHH000412: Hibernate ORM core version 6.3.1.Final
2024-01-16T10:39:53.724+05:00  INFO 2208 --- [           main] o.h.c.internal.RegionFactoryInitiator    : HHH000026: Second-level cache disabled
2024-01-16T10:39:54.192+05:00  INFO 2208 --- [           main] o.s.o.j.p.SpringPersistenceUnitInfo      : No LoadTimeWeaver setup: ignoring JPA class transformer
2024-01-16T10:39:54.227+05:00  INFO 2208 --- [           main] com.zaxxer.hikari.HikariDataSource       : HikariPool-1 - Starting...
2024-01-16T10:39:54.483+05:00  INFO 2208 --- [           main] com.zaxxer.hikari.pool.HikariPool        : HikariPool-1 - Added connection org.postgresql.jdbc.PgConnection@687b0ddc
2024-01-16T10:39:54.486+05:00  INFO 2208 --- [           main] com.zaxxer.hikari.HikariDataSource       : HikariPool-1 - Start completed.
2024-01-16T10:39:55.814+05:00  INFO 2208 --- [           main] o.h.e.t.j.p.i.JtaPlatformInitiator       : HHH000489: No JTA platform available (set 'hibernate.transaction.jta.platform' to enable JTA platform integration)
Hibernate: alter table if exists answer drop constraint if exists FK8frr4bcabmmeyyu60qt7iiblo
Hibernate: alter table if exists contest drop constraint if exists FK1k0ytmc43p6ejvhg6ogag07yy
Hibernate: alter table if exists finished_proccess drop constraint if exists FK62yrjxrgxnxyhd89bs0dhuc6t
Hibernate: alter table if exists finished_proccess drop constraint if exists FKft7r8lb98wlisuhs5v0odbt8u
Hibernate: alter table if exists groups drop constraint if exists FKgccv3854vx7oyf2saj32mqqlm
Hibernate: alter table if exists groups drop constraint if exists FKfbehr2v3qarkb2wxo7ex18fi4
Hibernate: alter table if exists que_ans_data drop constraint if exists FKa46pou57g84ltt62l8c380mof
Hibernate: alter table if exists que_ans_data drop constraint if exists FK5g38otyrcw4t69ne57n2xp7uf
Hibernate: alter table if exists que_ans_data drop constraint if exists FK5p698h1x6wdhcplxme69b5un2
Hibernate: alter table if exists question drop constraint if exists FKd2it01q5wo6umcy5gdyurvvre
Hibernate: alter table if exists status drop constraint if exists FKdyua6d2ddvx4kufh94dnl1rh5
Hibernate: alter table if exists users drop constraint if exists FKeyt0m1oo6cbg7192i2lg6af2u
Hibernate: alter table if exists users drop constraint if exists FKemfuglprp85bh5xwhfm898ysc
Hibernate: alter table if exists users drop constraint if exists FK3m08uc0bd36m6tgp3g65m20dl
Hibernate: drop table if exists answer cascade
Hibernate: drop table if exists contest cascade
Hibernate: drop table if exists education_location cascade
Hibernate: drop table if exists finished_proccess cascade
Hibernate: drop table if exists groups cascade
Hibernate: drop table if exists que_ans_data cascade
Hibernate: drop table if exists question cascade
Hibernate: drop table if exists status cascade
Hibernate: drop table if exists users cascade
Hibernate: create table answer (is_true boolean, created_at timestamp(6), updated_at timestamp(6), id uuid not null, question_id uuid not null, content_type varchar(255), description varchar(255) not null, path_url_image varchar(255), primary key (id))
Hibernate: create table contest (is_valid boolean not null, time_expired integer not null, created_at timestamp(6), group_id bigint not null, id bigserial not null, updated_at timestamp(6), secret_key varchar(255) not null, title varchar(255) not null, primary key (id))
Hibernate: create table education_location (is_valid boolean not null, created_at timestamp(6), id bigserial not null, updated_at timestamp(6), name varchar(255) not null unique, primary key (id))
Hibernate: create table finished_proccess (contest_id bigint not null, created_at timestamp(6), id bigserial not null, updated_at timestamp(6), user_id bigint not null, primary key (id))
Hibernate: create table groups (is_valid boolean not null, created_at timestamp(6), id bigserial not null, status_id bigint not null, teacher_id bigint not null, updated_at timestamp(6), name varchar(255) not null, primary key (id))
Hibernate: create table que_ans_data (created_at timestamp(6), updated_at timestamp(6), user_id bigint not null, answer_id uuid not null, id uuid not null, question_id uuid not null, primary key (id))
Hibernate: create table question (contest_id bigint not null, created_at timestamp(6), updated_at timestamp(6), id uuid not null, content_type varchar(255), description varchar(255) not null, path_url varchar(255), primary key (id))
Hibernate: create table status (is_valid boolean not null, created_at timestamp(6), education_location_id bigint not null, id bigserial not null, updated_at timestamp(6), name varchar(255) not null, primary key (id))
Hibernate: create table users (ball integer not null, enabled boolean, is_account_non_expired boolean, is_account_non_locked boolean, is_credentials_non_expired boolean, phone_code integer, created_at timestamp(6), education_location_id bigint, group_id bigint, id bigserial not null, status_id bigint, updated_at timestamp(6), name varchar(255) not null, password varchar(255) not null, phone_number varchar(255) not null unique, surname varchar(255) not null, system_role_name varchar(255) check (system_role_name in ('ROLE_SUPER_ADMIN','ROLE_ADMIN','ROLE_TEACHER','ROLE_USER')), primary key (id))
Hibernate: alter table if exists answer add constraint FK8frr4bcabmmeyyu60qt7iiblo foreign key (question_id) references question
Hibernate: alter table if exists contest add constraint FK1k0ytmc43p6ejvhg6ogag07yy foreign key (group_id) references groups
Hibernate: alter table if exists finished_proccess add constraint FK62yrjxrgxnxyhd89bs0dhuc6t foreign key (contest_id) references contest
Hibernate: alter table if exists finished_proccess add constraint FKft7r8lb98wlisuhs5v0odbt8u foreign key (user_id) references users
Hibernate: alter table if exists groups add constraint FKgccv3854vx7oyf2saj32mqqlm foreign key (status_id) references status
Hibernate: alter table if exists groups add constraint FKfbehr2v3qarkb2wxo7ex18fi4 foreign key (teacher_id) references users
Hibernate: alter table if exists que_ans_data add constraint FKa46pou57g84ltt62l8c380mof foreign key (answer_id) references answer
Hibernate: alter table if exists que_ans_data add constraint FK5g38otyrcw4t69ne57n2xp7uf foreign key (question_id) references question
Hibernate: alter table if exists que_ans_data add constraint FK5p698h1x6wdhcplxme69b5un2 foreign key (user_id) references users
Hibernate: alter table if exists question add constraint FKd2it01q5wo6umcy5gdyurvvre foreign key (contest_id) references contest
Hibernate: alter table if exists status add constraint FKdyua6d2ddvx4kufh94dnl1rh5 foreign key (education_location_id) references education_location
Hibernate: alter table if exists users add constraint FKeyt0m1oo6cbg7192i2lg6af2u foreign key (education_location_id) references education_location
Hibernate: alter table if exists users add constraint FKemfuglprp85bh5xwhfm898ysc foreign key (group_id) references groups
Hibernate: alter table if exists users add constraint FK3m08uc0bd36m6tgp3g65m20dl foreign key (status_id) references status
2024-01-16T10:39:55.990+05:00  INFO 2208 --- [           main] j.LocalContainerEntityManagerFactoryBean : Initialized JPA EntityManagerFactory for persistence unit 'default'
2024-01-16T10:39:56.601+05:00  INFO 2208 --- [           main] o.s.d.j.r.query.QueryEnhancerFactory     : Hibernate is in classpath; If applicable, HQL parser will be used.
2024-01-16T10:39:56.716+05:00  WARN 2208 --- [           main] o.s.aop.framework.CglibAopProxy          : Unable to proxy interface-implementing method [public final void org.springframework.web.filter.OncePerRequestFilter.doFilter(jakarta.servlet.ServletRequest,jakarta.servlet.ServletResponse,jakarta.servlet.FilterChain) throws jakarta.servlet.ServletException,java.io.IOException] because it is marked as final, consider using interface-based JDK proxies instead.
2024-01-16T10:39:56.716+05:00  WARN 2208 --- [           main] o.s.aop.framework.CglibAopProxy          : Unable to proxy interface-implementing method [public final void org.springframework.web.filter.GenericFilterBean.init(jakarta.servlet.FilterConfig) throws jakarta.servlet.ServletException] because it is marked as final, consider using interface-based JDK proxies instead.
2024-01-16T10:39:57.392+05:00  WARN 2208 --- [           main] JpaBaseConfiguration$JpaWebConfiguration : spring.jpa.open-in-view is enabled by default. Therefore, database queries may be performed during view rendering. Explicitly configure spring.jpa.open-in-view to disable this warning
2024-01-16T10:39:57.857+05:00  INFO 2208 --- [           main] o.s.s.web.DefaultSecurityFilterChain     : Will secure any request with [org.springframework.security.web.session.DisableEncodeUrlFilter@7d7d7b1a, org.springframework.security.web.context.request.async.WebAsyncManagerIntegrationFilter@67836d4, org.springframework.security.web.context.SecurityContextHolderFilter@3b863b4, org.springframework.security.web.header.HeaderWriterFilter@49f32bcb, org.springframework.web.filter.CorsFilter@65011123, org.springframework.security.web.authentication.logout.LogoutFilter@456beb8b, it.live.educationtest.jwt.JwtFilter@7be85f15, org.springframework.security.web.savedrequest.RequestCacheAwareFilter@7e2c8622, org.springframework.security.web.servletapi.SecurityContextHolderAwareRequestFilter@4b02dc4e, org.springframework.security.web.authentication.AnonymousAuthenticationFilter@20e4e27f, org.springframework.security.web.session.SessionManagementFilter@60b8c05c, org.springframework.security.web.access.ExceptionTranslationFilter@523e019c, org.springframework.security.web.access.intercept.AuthorizationFilter@395854dd]
2024-01-16T10:39:58.620+05:00  INFO 2208 --- [           main] i.l.e.EduacationtestApplicationTests     : Started EduacationtestApplicationTests in 7.786 seconds (process running for 8.985)
Hibernate: insert into users (ball,created_at,education_location_id,enabled,group_id,is_account_non_expired,is_account_non_locked,is_credentials_non_expired,name,password,phone_code,phone_number,status_id,surname,system_role_name,updated_at) values (?,?,?,?,?,?,?,?,?,?,?,?,?,?,?,?)
_______Super Admin saqlandi______
Hibernate: insert into education_location (is_valid,created_at,name,updated_at) values (?,?,?,?)
_______Education saqlandi_____
Hibernate: insert into users (ball,created_at,education_location_id,enabled,group_id,is_account_non_expired,is_account_non_locked,is_credentials_non_expired,name,password,phone_code,phone_number,status_id,surname,system_role_name,updated_at) values (?,?,?,?,?,?,?,?,?,?,?,?,?,?,?,?)
_______Admin saqlandi______
Hibernate: insert into status (created_at,education_location_id,is_valid,name,updated_at) values (?,?,?,?,?)
_________Status saqlandi______
Hibernate: insert into users (ball,created_at,education_location_id,enabled,group_id,is_account_non_expired,is_account_non_locked,is_credentials_non_expired,name,password,phone_code,phone_number,status_id,surname,system_role_name,updated_at) values (?,?,?,?,?,?,?,?,?,?,?,?,?,?,?,?)
_______Teacher saqlandi______
Hibernate: insert into groups (created_at,is_valid,name,status_id,teacher_id,updated_at) values (?,?,?,?,?,?)
_________Gruppa saqlandi______
]]></system-out>
  </testcase>
</testsuite>